mode: atomic
github.com/limistah/wallet-service/internal/config/config.go:42.27,68.2 1 0
github.com/limistah/wallet-service/internal/config/config.go:71.46,72.42 1 0
github.com/limistah/wallet-service/internal/config/config.go:72.42,74.3 1 0
github.com/limistah/wallet-service/internal/config/config.go:75.2,75.21 1 0
github.com/limistah/wallet-service/internal/config/config.go:78.50,79.42 1 0
github.com/limistah/wallet-service/internal/config/config.go:79.42,80.55 1 0
github.com/limistah/wallet-service/internal/config/config.go:80.55,82.4 1 0
github.com/limistah/wallet-service/internal/config/config.go:84.2,84.21 1 0
github.com/limistah/wallet-service/internal/config/config.go:87.75,88.42 1 0
github.com/limistah/wallet-service/internal/config/config.go:88.42,89.61 1 0
github.com/limistah/wallet-service/internal/config/config.go:89.61,91.4 1 0
github.com/limistah/wallet-service/internal/config/config.go:93.2,93.21 1 0
github.com/limistah/wallet-service/cmd/main.go:42.13,44.40 1 0
github.com/limistah/wallet-service/cmd/main.go:44.40,46.3 1 0
github.com/limistah/wallet-service/cmd/main.go:47.2,48.41 2 0
github.com/limistah/wallet-service/cmd/main.go:48.41,50.3 1 0
github.com/limistah/wallet-service/cmd/main.go:52.2,53.16 2 0
github.com/limistah/wallet-service/cmd/main.go:53.16,55.3 1 0
github.com/limistah/wallet-service/cmd/main.go:57.2,81.79 11 0
github.com/limistah/wallet-service/cmd/main.go:81.79,83.3 1 0
github.com/limistah/wallet-service/internal/auth/jwt.go:21.58,26.2 1 0
github.com/limistah/wallet-service/internal/auth/jwt.go:29.79,44.2 4 0
github.com/limistah/wallet-service/internal/auth/jwt.go:47.73,48.104 1 0
github.com/limistah/wallet-service/internal/auth/jwt.go:48.104,49.58 1 0
github.com/limistah/wallet-service/internal/auth/jwt.go:49.58,51.4 1 0
github.com/limistah/wallet-service/internal/auth/jwt.go:52.3,52.26 1 0
github.com/limistah/wallet-service/internal/auth/jwt.go:55.2,55.16 1 0
github.com/limistah/wallet-service/internal/auth/jwt.go:55.16,57.3 1 0
github.com/limistah/wallet-service/internal/auth/jwt.go:59.2,59.61 1 0
github.com/limistah/wallet-service/internal/auth/jwt.go:59.61,61.3 1 0
github.com/limistah/wallet-service/internal/auth/jwt.go:63.2,63.41 1 0
github.com/limistah/wallet-service/internal/auth/jwt.go:67.71,69.16 2 0
github.com/limistah/wallet-service/internal/auth/jwt.go:69.16,71.3 1 0
github.com/limistah/wallet-service/internal/auth/jwt.go:74.2,74.53 1 0
github.com/limistah/wallet-service/docs/docs.go:1089.13,1091.2 1 0
github.com/limistah/wallet-service/internal/database/database.go:18.37,22.18 3 0
github.com/limistah/wallet-service/internal/database/database.go:22.18,24.3 1 0
github.com/limistah/wallet-service/internal/database/database.go:26.2,30.41 4 0
github.com/limistah/wallet-service/internal/database/database.go:30.41,32.3 1 0
github.com/limistah/wallet-service/internal/database/database.go:34.2,38.29 2 0
github.com/limistah/wallet-service/internal/database/database.go:39.15,48.17 3 0
github.com/limistah/wallet-service/internal/database/database.go:48.17,50.4 1 0
github.com/limistah/wallet-service/internal/database/database.go:51.16,53.17 2 0
github.com/limistah/wallet-service/internal/database/database.go:53.17,55.4 1 0
github.com/limistah/wallet-service/internal/database/database.go:56.10,57.81 1 0
github.com/limistah/wallet-service/internal/database/database.go:60.2,60.36 1 0
github.com/limistah/wallet-service/internal/database/database.go:60.36,62.17 2 0
github.com/limistah/wallet-service/internal/database/database.go:62.17,64.4 1 0
github.com/limistah/wallet-service/internal/database/database.go:66.3,70.38 4 0
github.com/limistah/wallet-service/internal/database/database.go:70.38,72.4 1 0
github.com/limistah/wallet-service/internal/database/database.go:75.2,84.16 3 0
github.com/limistah/wallet-service/internal/database/database.go:84.16,86.3 1 0
github.com/limistah/wallet-service/internal/database/database.go:88.2,89.16 2 0
github.com/limistah/wallet-service/internal/database/database.go:89.16,91.3 1 0
github.com/limistah/wallet-service/internal/database/database.go:93.2,94.16 2 0
github.com/limistah/wallet-service/internal/database/database.go:94.16,96.3 1 0
github.com/limistah/wallet-service/internal/database/database.go:98.2,99.16 2 0
github.com/limistah/wallet-service/internal/database/database.go:103.59,108.41 4 0
github.com/limistah/wallet-service/internal/database/database.go:108.41,110.3 1 0
github.com/limistah/wallet-service/internal/database/database.go:112.2,116.29 2 0
github.com/limistah/wallet-service/internal/database/database.go:117.15,125.51 2 0
github.com/limistah/wallet-service/internal/database/database.go:126.16,127.59 1 0
github.com/limistah/wallet-service/internal/database/database.go:128.10,129.81 1 0
github.com/limistah/wallet-service/internal/database/database.go:132.2,132.16 1 0
github.com/limistah/wallet-service/internal/database/database.go:132.16,134.3 1 0
github.com/limistah/wallet-service/internal/database/database.go:137.2,144.16 2 0
github.com/limistah/wallet-service/internal/database/database.go:144.16,146.3 1 0
github.com/limistah/wallet-service/internal/database/database.go:148.2,148.16 1 0
github.com/limistah/wallet-service/internal/database/database.go:152.46,158.38 2 0
github.com/limistah/wallet-service/internal/database/database.go:158.38,160.78 2 0
github.com/limistah/wallet-service/internal/database/database.go:160.78,161.37 1 0
github.com/limistah/wallet-service/internal/database/database.go:161.37,162.48 1 0
github.com/limistah/wallet-service/internal/database/database.go:162.48,164.6 1 0
github.com/limistah/wallet-service/internal/database/database.go:165.10,167.5 1 0
github.com/limistah/wallet-service/internal/database/database.go:170.2,170.12 1 0
github.com/limistah/wallet-service/internal/database/database.go:174.48,177.124 2 0
github.com/limistah/wallet-service/internal/database/database.go:177.124,178.36 1 0
github.com/limistah/wallet-service/internal/database/database.go:178.36,181.71 2 0
github.com/limistah/wallet-service/internal/database/database.go:181.71,183.5 1 0
github.com/limistah/wallet-service/internal/database/database.go:185.4,185.54 1 0
github.com/limistah/wallet-service/internal/database/database.go:185.54,187.5 1 0
github.com/limistah/wallet-service/internal/database/database.go:189.4,196.56 2 0
github.com/limistah/wallet-service/internal/database/database.go:196.56,198.5 1 0
github.com/limistah/wallet-service/internal/database/database.go:200.4,200.91 1 0
github.com/limistah/wallet-service/internal/database/database.go:201.9,203.4 1 0
github.com/limistah/wallet-service/internal/database/database.go:204.8,206.3 1 0
github.com/limistah/wallet-service/internal/database/database.go:208.2,208.12 1 0
github.com/limistah/wallet-service/internal/repositories/interfaces.go:70.49,79.2 1 0
github.com/limistah/wallet-service/internal/repositories/reconciliation_repository.go:13.72,15.2 1 0
github.com/limistah/wallet-service/internal/repositories/reconciliation_repository.go:17.86,19.2 1 0
github.com/limistah/wallet-service/internal/repositories/reconciliation_repository.go:21.104,28.2 3 0
github.com/limistah/wallet-service/internal/repositories/reconciliation_repository.go:30.99,37.2 3 0
github.com/limistah/wallet-service/internal/repositories/reconciliation_repository.go:39.108,47.2 3 0
github.com/limistah/wallet-service/internal/repositories/transaction_repository.go:16.66,18.2 1 0
github.com/limistah/wallet-service/internal/repositories/transaction_repository.go:20.79,22.2 1 0
github.com/limistah/wallet-service/internal/repositories/transaction_repository.go:24.79,27.16 3 0
github.com/limistah/wallet-service/internal/repositories/transaction_repository.go:27.16,29.3 1 0
github.com/limistah/wallet-service/internal/repositories/transaction_repository.go:30.2,30.26 1 0
github.com/limistah/wallet-service/internal/repositories/transaction_repository.go:33.95,37.16 3 0
github.com/limistah/wallet-service/internal/repositories/transaction_repository.go:37.16,39.3 1 0
github.com/limistah/wallet-service/internal/repositories/transaction_repository.go:40.2,40.26 1 0
github.com/limistah/wallet-service/internal/repositories/transaction_repository.go:43.111,51.2 3 0
github.com/limistah/wallet-service/internal/repositories/transaction_repository.go:53.166,57.38 3 0
github.com/limistah/wallet-service/internal/repositories/transaction_repository.go:57.38,58.26 1 0
github.com/limistah/wallet-service/internal/repositories/transaction_repository.go:58.26,61.4 1 0
github.com/limistah/wallet-service/internal/repositories/transaction_repository.go:61.9,61.33 1 0
github.com/limistah/wallet-service/internal/repositories/transaction_repository.go:61.33,64.4 1 0
github.com/limistah/wallet-service/internal/repositories/transaction_repository.go:67.2,67.25 1 0
github.com/limistah/wallet-service/internal/repositories/transaction_repository.go:67.25,70.3 1 0
github.com/limistah/wallet-service/internal/repositories/transaction_repository.go:70.8,73.3 1 0
github.com/limistah/wallet-service/internal/repositories/transaction_repository.go:75.2,76.26 2 0
github.com/limistah/wallet-service/internal/repositories/transaction_repository.go:79.79,81.2 1 0
github.com/limistah/wallet-service/internal/repositories/transaction_repository.go:83.90,95.16 4 0
github.com/limistah/wallet-service/internal/repositories/transaction_repository.go:95.16,97.3 1 0
github.com/limistah/wallet-service/internal/repositories/transaction_repository.go:100.2,106.16 2 0
github.com/limistah/wallet-service/internal/repositories/transaction_repository.go:106.16,108.3 1 0
github.com/limistah/wallet-service/internal/repositories/transaction_repository.go:110.2,110.37 1 0
github.com/limistah/wallet-service/internal/repositories/transaction_repository.go:113.87,120.2 3 0
github.com/limistah/wallet-service/internal/repositories/transaction_type_repository.go:13.74,15.2 1 0
github.com/limistah/wallet-service/internal/repositories/transaction_type_repository.go:17.93,20.16 3 0
github.com/limistah/wallet-service/internal/repositories/transaction_type_repository.go:20.16,22.3 1 0
github.com/limistah/wallet-service/internal/repositories/transaction_type_repository.go:23.2,23.30 1 0
github.com/limistah/wallet-service/internal/repositories/transaction_type_repository.go:26.78,30.2 3 0
github.com/limistah/wallet-service/internal/repositories/transaction_type_repository.go:32.91,34.2 1 0
github.com/limistah/wallet-service/internal/repositories/user_repository.go:13.52,15.2 1 0
github.com/limistah/wallet-service/internal/repositories/user_repository.go:17.58,19.2 1 0
github.com/limistah/wallet-service/internal/repositories/user_repository.go:21.65,24.16 3 0
github.com/limistah/wallet-service/internal/repositories/user_repository.go:24.16,26.3 1 0
github.com/limistah/wallet-service/internal/repositories/user_repository.go:27.2,27.19 1 0
github.com/limistah/wallet-service/internal/repositories/user_repository.go:30.73,33.16 3 0
github.com/limistah/wallet-service/internal/repositories/user_repository.go:33.16,35.3 1 0
github.com/limistah/wallet-service/internal/repositories/user_repository.go:36.2,36.19 1 0
github.com/limistah/wallet-service/internal/repositories/user_repository.go:39.58,41.2 1 0
github.com/limistah/wallet-service/internal/repositories/user_repository.go:43.48,45.2 1 0
github.com/limistah/wallet-service/internal/repositories/user_repository.go:47.73,51.2 3 0
github.com/limistah/wallet-service/internal/repositories/wallet_repository.go:14.56,16.2 1 0
github.com/limistah/wallet-service/internal/repositories/wallet_repository.go:18.64,20.2 1 0
github.com/limistah/wallet-service/internal/repositories/wallet_repository.go:22.69,25.16 3 0
github.com/limistah/wallet-service/internal/repositories/wallet_repository.go:25.16,27.3 1 0
github.com/limistah/wallet-service/internal/repositories/wallet_repository.go:28.2,28.21 1 0
github.com/limistah/wallet-service/internal/repositories/wallet_repository.go:31.77,34.16 3 0
github.com/limistah/wallet-service/internal/repositories/wallet_repository.go:34.16,36.3 1 0
github.com/limistah/wallet-service/internal/repositories/wallet_repository.go:37.2,37.21 1 0
github.com/limistah/wallet-service/internal/repositories/wallet_repository.go:40.64,42.2 1 0
github.com/limistah/wallet-service/internal/repositories/wallet_repository.go:44.105,53.25 2 0
github.com/limistah/wallet-service/internal/repositories/wallet_repository.go:53.25,55.3 1 0
github.com/limistah/wallet-service/internal/repositories/wallet_repository.go:57.2,57.30 1 0
github.com/limistah/wallet-service/internal/repositories/wallet_repository.go:57.30,59.3 1 0
github.com/limistah/wallet-service/internal/repositories/wallet_repository.go:61.2,61.12 1 0
github.com/limistah/wallet-service/internal/repositories/wallet_repository.go:64.77,68.2 3 0
github.com/limistah/wallet-service/internal/repositories/wallet_repository.go:70.79,74.2 3 0
github.com/limistah/wallet-service/internal/routes/routes.go:11.96,17.2 4 0
github.com/limistah/wallet-service/internal/routes/routes.go:17.2,22.3 4 0
github.com/limistah/wallet-service/internal/routes/routes.go:24.2,26.2 3 0
github.com/limistah/wallet-service/internal/routes/routes.go:26.2,29.3 3 0
github.com/limistah/wallet-service/internal/routes/routes.go:29.3,36.4 6 0
github.com/limistah/wallet-service/internal/middleware/auth.go:13.66,14.30 1 0
github.com/limistah/wallet-service/internal/middleware/auth.go:14.30,16.23 2 0
github.com/limistah/wallet-service/internal/middleware/auth.go:16.23,24.4 3 0
github.com/limistah/wallet-service/internal/middleware/auth.go:27.3,27.48 1 0
github.com/limistah/wallet-service/internal/middleware/auth.go:27.48,35.4 3 0
github.com/limistah/wallet-service/internal/middleware/auth.go:37.3,39.24 3 0
github.com/limistah/wallet-service/internal/middleware/auth.go:39.24,47.4 3 0
github.com/limistah/wallet-service/internal/middleware/auth.go:49.3,50.17 2 0
github.com/limistah/wallet-service/internal/middleware/auth.go:50.17,58.4 3 0
github.com/limistah/wallet-service/internal/middleware/auth.go:60.3,63.11 3 0
github.com/limistah/wallet-service/internal/middleware/auth.go:68.45,70.13 2 0
github.com/limistah/wallet-service/internal/middleware/auth.go:70.13,72.3 1 0
github.com/limistah/wallet-service/internal/middleware/auth.go:73.2,73.33 1 0
github.com/limistah/wallet-service/internal/middleware/auth.go:73.33,75.3 1 0
github.com/limistah/wallet-service/internal/middleware/auth.go:76.2,76.17 1 0
github.com/limistah/wallet-service/internal/middleware/auth.go:80.50,82.13 2 0
github.com/limistah/wallet-service/internal/middleware/auth.go:82.13,84.3 1 0
github.com/limistah/wallet-service/internal/middleware/auth.go:85.2,85.40 1 0
github.com/limistah/wallet-service/internal/middleware/auth.go:85.40,87.3 1 0
github.com/limistah/wallet-service/internal/middleware/auth.go:88.2,88.18 1 0
github.com/limistah/wallet-service/internal/models/reconciliation.go:34.48,36.2 1 0
github.com/limistah/wallet-service/internal/models/reconciliation.go:39.51,41.2 1 0
github.com/limistah/wallet-service/internal/models/reconciliation.go:44.59,46.2 1 0
github.com/limistah/wallet-service/internal/models/reconciliation.go:49.51,51.2 1 0
github.com/limistah/wallet-service/internal/models/reconciliation.go:54.53,55.18 1 0
github.com/limistah/wallet-service/internal/models/reconciliation.go:56.33,57.16 1 0
github.com/limistah/wallet-service/internal/models/reconciliation.go:58.36,59.19 1 0
github.com/limistah/wallet-service/internal/models/reconciliation.go:60.44,61.20 1 0
github.com/limistah/wallet-service/internal/models/reconciliation.go:62.10,63.19 1 0
github.com/limistah/wallet-service/internal/models/transaction.go:27.43,29.2 1 0
github.com/limistah/wallet-service/internal/models/transaction.go:74.39,76.2 1 0
github.com/limistah/wallet-service/internal/models/transaction.go:79.42,81.2 1 0
github.com/limistah/wallet-service/internal/models/user.go:32.32,34.2 1 0
github.com/limistah/wallet-service/internal/models/user.go:37.52,39.16 2 0
github.com/limistah/wallet-service/internal/models/user.go:39.16,41.3 1 0
github.com/limistah/wallet-service/internal/models/user.go:42.2,43.12 2 0
github.com/limistah/wallet-service/internal/models/user.go:47.53,49.2 1 0
github.com/limistah/wallet-service/internal/models/user.go:52.39,54.2 1 0
github.com/limistah/wallet-service/internal/models/user.go:57.31,64.2 1 0
github.com/limistah/wallet-service/internal/models/wallet.go:37.34,39.2 1 0
github.com/limistah/wallet-service/internal/models/wallet.go:42.34,44.2 1 0
github.com/limistah/wallet-service/internal/models/wallet.go:47.56,49.2 1 0
github.com/limistah/wallet-service/internal/utils/helpers.go:14.39,16.22 1 0
github.com/limistah/wallet-service/internal/utils/helpers.go:16.22,18.3 1 0
github.com/limistah/wallet-service/internal/utils/helpers.go:20.2,21.38 2 0
github.com/limistah/wallet-service/internal/utils/helpers.go:25.45,27.42 1 0
github.com/limistah/wallet-service/internal/utils/helpers.go:27.42,29.3 1 0
github.com/limistah/wallet-service/internal/utils/helpers.go:30.2,30.13 1 0
github.com/limistah/wallet-service/internal/utils/helpers.go:34.42,36.2 1 0
github.com/limistah/wallet-service/internal/utils/helpers.go:39.42,41.2 1 0
github.com/limistah/wallet-service/internal/utils/helpers.go:44.42,46.2 1 0
github.com/limistah/wallet-service/internal/utils/helpers.go:49.33,53.2 3 0
github.com/limistah/wallet-service/internal/utils/helpers.go:56.44,60.2 3 0
github.com/limistah/wallet-service/internal/utils/helpers.go:63.61,66.18 2 0
github.com/limistah/wallet-service/internal/utils/helpers.go:67.13,68.17 1 0
github.com/limistah/wallet-service/internal/utils/helpers.go:68.17,70.4 1 0
github.com/limistah/wallet-service/internal/utils/helpers.go:71.3,71.45 1 0
github.com/limistah/wallet-service/internal/utils/helpers.go:72.13,73.17 1 0
github.com/limistah/wallet-service/internal/utils/helpers.go:73.17,75.4 1 0
github.com/limistah/wallet-service/internal/utils/helpers.go:76.3,76.47 1 0
github.com/limistah/wallet-service/internal/utils/helpers.go:77.13,78.17 1 0
github.com/limistah/wallet-service/internal/utils/helpers.go:78.17,80.4 1 0
github.com/limistah/wallet-service/internal/utils/helpers.go:81.3,81.46 1 0
github.com/limistah/wallet-service/internal/utils/helpers.go:82.10,83.50 1 0
github.com/limistah/wallet-service/internal/utils/helpers.go:88.44,101.2 2 0
github.com/limistah/wallet-service/internal/utils/helpers.go:104.46,108.24 3 0
github.com/limistah/wallet-service/internal/utils/helpers.go:108.24,111.3 2 0
github.com/limistah/wallet-service/internal/utils/helpers.go:113.2,113.23 1 0
github.com/limistah/wallet-service/internal/utils/helpers.go:117.52,127.26 5 0
github.com/limistah/wallet-service/internal/utils/helpers.go:127.26,129.46 2 0
github.com/limistah/wallet-service/internal/utils/helpers.go:129.46,130.25 1 0
github.com/limistah/wallet-service/internal/utils/helpers.go:130.25,132.5 1 0
github.com/limistah/wallet-service/internal/utils/helpers.go:133.4,133.42 1 0
github.com/limistah/wallet-service/internal/utils/helpers.go:135.3,135.50 1 0
github.com/limistah/wallet-service/internal/utils/helpers.go:138.2,138.40 1 0
github.com/limistah/wallet-service/internal/utils/helpers.go:142.31,144.54 2 0
github.com/limistah/wallet-service/internal/utils/helpers.go:144.54,146.3 1 0
github.com/limistah/wallet-service/internal/utils/helpers.go:147.2,147.22 1 0
github.com/limistah/wallet-service/internal/utils/helpers.go:151.53,153.2 1 0
github.com/limistah/wallet-service/internal/utils/helpers.go:156.32,160.2 3 0
github.com/limistah/wallet-service/internal/utils/validation.go:12.13,14.2 1 0
github.com/limistah/wallet-service/internal/utils/validation.go:17.42,18.43 1 0
github.com/limistah/wallet-service/internal/utils/validation.go:18.43,20.3 1 0
github.com/limistah/wallet-service/internal/utils/validation.go:21.2,21.12 1 0
github.com/limistah/wallet-service/internal/utils/validation.go:25.45,28.66 2 0
github.com/limistah/wallet-service/internal/utils/validation.go:28.66,29.39 1 0
github.com/limistah/wallet-service/internal/utils/validation.go:29.39,31.4 1 0
github.com/limistah/wallet-service/internal/utils/validation.go:34.2,34.28 1 0
github.com/limistah/wallet-service/internal/utils/validation.go:34.28,36.3 1 0
github.com/limistah/wallet-service/internal/utils/validation.go:38.2,38.12 1 0
github.com/limistah/wallet-service/internal/utils/validation.go:41.54,44.18 2 0
github.com/limistah/wallet-service/internal/utils/validation.go:45.18,46.46 1 0
github.com/limistah/wallet-service/internal/utils/validation.go:47.15,48.64 1 0
github.com/limistah/wallet-service/internal/utils/validation.go:49.13,50.82 1 0
github.com/limistah/wallet-service/internal/utils/validation.go:51.13,52.81 1 0
github.com/limistah/wallet-service/internal/utils/validation.go:53.13,54.82 1 0
github.com/limistah/wallet-service/internal/utils/validation.go:55.13,56.79 1 0
github.com/limistah/wallet-service/internal/utils/validation.go:57.10,58.45 1 0
github.com/limistah/wallet-service/internal/dto/dto.go:156.53,165.2 1 0
github.com/limistah/wallet-service/internal/dto/dto.go:167.61,176.2 1 0
github.com/limistah/wallet-service/internal/dto/dto.go:178.81,191.2 1 0
github.com/limistah/wallet-service/internal/dto/dto.go:193.103,204.2 1 0
github.com/limistah/wallet-service/internal/handlers/auth_handler.go:19.97,24.2 1 0
github.com/limistah/wallet-service/internal/handlers/auth_handler.go:38.48,40.47 2 0
github.com/limistah/wallet-service/internal/handlers/auth_handler.go:40.47,47.3 2 0
github.com/limistah/wallet-service/internal/handlers/auth_handler.go:49.2,55.56 2 0
github.com/limistah/wallet-service/internal/handlers/auth_handler.go:55.56,62.3 2 0
github.com/limistah/wallet-service/internal/handlers/auth_handler.go:64.2,65.16 2 0
github.com/limistah/wallet-service/internal/handlers/auth_handler.go:65.16,66.59 1 0
github.com/limistah/wallet-service/internal/handlers/auth_handler.go:66.59,73.4 2 0
github.com/limistah/wallet-service/internal/handlers/auth_handler.go:74.3,79.9 2 0
github.com/limistah/wallet-service/internal/handlers/auth_handler.go:82.2,87.4 2 0
github.com/limistah/wallet-service/internal/handlers/auth_handler.go:102.45,104.47 2 0
github.com/limistah/wallet-service/internal/handlers/auth_handler.go:104.47,111.3 2 0
github.com/limistah/wallet-service/internal/handlers/auth_handler.go:113.2,114.16 2 0
github.com/limistah/wallet-service/internal/handlers/auth_handler.go:114.16,121.3 2 0
github.com/limistah/wallet-service/internal/handlers/auth_handler.go:123.2,123.57 1 0
github.com/limistah/wallet-service/internal/handlers/auth_handler.go:123.57,130.3 2 0
github.com/limistah/wallet-service/internal/handlers/auth_handler.go:132.2,133.16 2 0
github.com/limistah/wallet-service/internal/handlers/auth_handler.go:133.16,140.3 2 0
github.com/limistah/wallet-service/internal/handlers/auth_handler.go:142.2,151.4 2 0
github.com/limistah/wallet-service/internal/handlers/auth_handler.go:167.54,169.47 2 0
github.com/limistah/wallet-service/internal/handlers/auth_handler.go:169.47,176.3 2 0
github.com/limistah/wallet-service/internal/handlers/auth_handler.go:178.2,179.13 2 0
github.com/limistah/wallet-service/internal/handlers/auth_handler.go:179.13,186.3 2 0
github.com/limistah/wallet-service/internal/handlers/auth_handler.go:188.2,189.16 2 0
github.com/limistah/wallet-service/internal/handlers/auth_handler.go:189.16,196.3 2 0
github.com/limistah/wallet-service/internal/handlers/auth_handler.go:198.2,198.64 1 0
github.com/limistah/wallet-service/internal/handlers/auth_handler.go:198.64,205.3 2 0
github.com/limistah/wallet-service/internal/handlers/auth_handler.go:207.2,207.59 1 0
github.com/limistah/wallet-service/internal/handlers/auth_handler.go:207.59,214.3 2 0
github.com/limistah/wallet-service/internal/handlers/auth_handler.go:216.2,217.16 2 0
github.com/limistah/wallet-service/internal/handlers/auth_handler.go:217.16,224.3 2 0
github.com/limistah/wallet-service/internal/handlers/auth_handler.go:226.2,229.4 1 0
github.com/limistah/wallet-service/internal/handlers/auth_handler.go:243.52,246.22 2 0
github.com/limistah/wallet-service/internal/handlers/auth_handler.go:246.22,253.3 2 0
github.com/limistah/wallet-service/internal/handlers/auth_handler.go:255.2,258.16 3 0
github.com/limistah/wallet-service/internal/handlers/auth_handler.go:258.16,265.3 2 0
github.com/limistah/wallet-service/internal/handlers/auth_handler.go:267.2,271.4 1 0
github.com/limistah/wallet-service/internal/handlers/health_handler.go:17.34,22.2 1 0
github.com/limistah/wallet-service/internal/handlers/wallet_handler.go:21.76,25.2 1 3
github.com/limistah/wallet-service/internal/handlers/wallet_handler.go:28.92,30.13 2 3
github.com/limistah/wallet-service/internal/handlers/wallet_handler.go:30.13,32.3 1 0
github.com/limistah/wallet-service/internal/handlers/wallet_handler.go:34.2,35.16 2 3
github.com/limistah/wallet-service/internal/handlers/wallet_handler.go:35.16,37.3 1 0
github.com/limistah/wallet-service/internal/handlers/wallet_handler.go:39.2,39.20 1 3
github.com/limistah/wallet-service/internal/handlers/wallet_handler.go:55.51,57.16 2 0
github.com/limistah/wallet-service/internal/handlers/wallet_handler.go:57.16,61.46 3 0
github.com/limistah/wallet-service/internal/handlers/wallet_handler.go:61.46,64.4 2 0
github.com/limistah/wallet-service/internal/handlers/wallet_handler.go:66.3,71.9 2 0
github.com/limistah/wallet-service/internal/handlers/wallet_handler.go:74.2,78.4 1 0
github.com/limistah/wallet-service/internal/handlers/wallet_handler.go:94.58,96.16 2 0
github.com/limistah/wallet-service/internal/handlers/wallet_handler.go:96.16,100.46 3 0
github.com/limistah/wallet-service/internal/handlers/wallet_handler.go:100.46,103.4 2 0
github.com/limistah/wallet-service/internal/handlers/wallet_handler.go:105.3,110.9 2 0
github.com/limistah/wallet-service/internal/handlers/wallet_handler.go:113.2,121.4 1 0
github.com/limistah/wallet-service/internal/handlers/wallet_handler.go:140.52,142.16 2 0
github.com/limistah/wallet-service/internal/handlers/wallet_handler.go:142.16,146.46 3 0
github.com/limistah/wallet-service/internal/handlers/wallet_handler.go:146.46,149.4 2 0
github.com/limistah/wallet-service/internal/handlers/wallet_handler.go:151.3,156.9 2 0
github.com/limistah/wallet-service/internal/handlers/wallet_handler.go:159.2,160.47 2 0
github.com/limistah/wallet-service/internal/handlers/wallet_handler.go:160.47,167.3 2 0
github.com/limistah/wallet-service/internal/handlers/wallet_handler.go:169.2,169.46 1 0
github.com/limistah/wallet-service/internal/handlers/wallet_handler.go:169.46,176.3 2 0
github.com/limistah/wallet-service/internal/handlers/wallet_handler.go:178.2,179.16 2 0
github.com/limistah/wallet-service/internal/handlers/wallet_handler.go:179.16,181.43 2 0
github.com/limistah/wallet-service/internal/handlers/wallet_handler.go:181.43,183.4 1 0
github.com/limistah/wallet-service/internal/handlers/wallet_handler.go:184.3,189.9 2 0
github.com/limistah/wallet-service/internal/handlers/wallet_handler.go:193.2,202.4 2 0
github.com/limistah/wallet-service/internal/handlers/wallet_handler.go:221.55,223.16 2 0
github.com/limistah/wallet-service/internal/handlers/wallet_handler.go:223.16,227.46 3 0
github.com/limistah/wallet-service/internal/handlers/wallet_handler.go:227.46,230.4 2 0
github.com/limistah/wallet-service/internal/handlers/wallet_handler.go:232.3,237.9 2 0
github.com/limistah/wallet-service/internal/handlers/wallet_handler.go:240.2,241.47 2 0
github.com/limistah/wallet-service/internal/handlers/wallet_handler.go:241.47,248.3 2 0
github.com/limistah/wallet-service/internal/handlers/wallet_handler.go:250.2,250.46 1 0
github.com/limistah/wallet-service/internal/handlers/wallet_handler.go:250.46,257.3 2 0
github.com/limistah/wallet-service/internal/handlers/wallet_handler.go:259.2,260.16 2 0
github.com/limistah/wallet-service/internal/handlers/wallet_handler.go:260.16,265.10 3 0
github.com/limistah/wallet-service/internal/handlers/wallet_handler.go:266.44,268.49 2 0
github.com/limistah/wallet-service/internal/handlers/wallet_handler.go:269.45,271.47 2 0
github.com/limistah/wallet-service/internal/handlers/wallet_handler.go:272.67,274.78 2 0
github.com/limistah/wallet-service/internal/handlers/wallet_handler.go:275.56,277.74 2 0
github.com/limistah/wallet-service/internal/handlers/wallet_handler.go:280.3,285.9 2 0
github.com/limistah/wallet-service/internal/handlers/wallet_handler.go:288.2,295.4 1 0
github.com/limistah/wallet-service/internal/handlers/wallet_handler.go:314.55,317.16 2 0
github.com/limistah/wallet-service/internal/handlers/wallet_handler.go:317.16,321.46 3 0
github.com/limistah/wallet-service/internal/handlers/wallet_handler.go:321.46,324.4 2 0
github.com/limistah/wallet-service/internal/handlers/wallet_handler.go:326.3,331.9 2 0
github.com/limistah/wallet-service/internal/handlers/wallet_handler.go:334.2,335.47 2 0
github.com/limistah/wallet-service/internal/handlers/wallet_handler.go:335.47,342.3 2 0
github.com/limistah/wallet-service/internal/handlers/wallet_handler.go:345.2,345.46 1 0
github.com/limistah/wallet-service/internal/handlers/wallet_handler.go:345.46,352.3 2 0
github.com/limistah/wallet-service/internal/handlers/wallet_handler.go:355.2,355.37 1 0
github.com/limistah/wallet-service/internal/handlers/wallet_handler.go:355.37,362.3 2 0
github.com/limistah/wallet-service/internal/handlers/wallet_handler.go:364.2,365.16 2 0
github.com/limistah/wallet-service/internal/handlers/wallet_handler.go:365.16,370.10 3 0
github.com/limistah/wallet-service/internal/handlers/wallet_handler.go:371.44,373.47 2 0
github.com/limistah/wallet-service/internal/handlers/wallet_handler.go:374.45,376.47 2 0
github.com/limistah/wallet-service/internal/handlers/wallet_handler.go:377.67,379.78 2 0
github.com/limistah/wallet-service/internal/handlers/wallet_handler.go:380.56,382.74 2 0
github.com/limistah/wallet-service/internal/handlers/wallet_handler.go:383.55,385.56 2 0
github.com/limistah/wallet-service/internal/handlers/wallet_handler.go:386.60,388.56 2 0
github.com/limistah/wallet-service/internal/handlers/wallet_handler.go:391.3,396.9 2 0
github.com/limistah/wallet-service/internal/handlers/wallet_handler.go:399.2,406.4 1 0
github.com/limistah/wallet-service/internal/handlers/wallet_handler.go:426.63,428.16 2 3
github.com/limistah/wallet-service/internal/handlers/wallet_handler.go:428.16,432.46 3 0
github.com/limistah/wallet-service/internal/handlers/wallet_handler.go:432.46,435.4 2 0
github.com/limistah/wallet-service/internal/handlers/wallet_handler.go:437.3,442.9 2 0
github.com/limistah/wallet-service/internal/handlers/wallet_handler.go:446.2,450.36 4 3
github.com/limistah/wallet-service/internal/handlers/wallet_handler.go:450.36,451.80 1 2
github.com/limistah/wallet-service/internal/handlers/wallet_handler.go:451.80,453.4 1 2
github.com/limistah/wallet-service/internal/handlers/wallet_handler.go:456.2,457.18 2 3
github.com/limistah/wallet-service/internal/handlers/wallet_handler.go:457.18,459.3 1 1
github.com/limistah/wallet-service/internal/handlers/wallet_handler.go:462.2,462.48 1 3
github.com/limistah/wallet-service/internal/handlers/wallet_handler.go:462.48,469.3 2 1
github.com/limistah/wallet-service/internal/handlers/wallet_handler.go:471.2,472.16 2 2
github.com/limistah/wallet-service/internal/handlers/wallet_handler.go:472.16,479.3 2 0
github.com/limistah/wallet-service/internal/handlers/wallet_handler.go:482.2,483.34 2 2
github.com/limistah/wallet-service/internal/handlers/wallet_handler.go:483.34,485.3 1 3
github.com/limistah/wallet-service/internal/handlers/wallet_handler.go:487.2,502.4 2 2
